This is pdfTeX, Version 3.14159265-2.6-1.40.17 (TeX Live 2016) (preloaded format=pdflatex 2016.8.28)  10 NOV 2016 16:44
entering extended mode
 restricted \write18 enabled.
 %&-line parsing enabled.
**/Users/leosilva/Documents/Estudo/Mestrado/Dissertacao/dissertacao_LaTeX/abnt-
num.sty

(/Users/leosilva/Documents/Estudo/Mestrado/Dissertacao/dissertacao_LaTeX/abnt-n
um.sty
LaTeX2e <2016/03/31>
Babel <3.9r> and hyphenation patterns for 83 language(s) loaded.

LaTeX Warning: You have requested package `',
               but the package provides `abnt-num'.

Package: abnt-num 2002/06/24

(/Users/leosilva/Documents/Estudo/Mestrado/Dissertacao/dissertacao_LaTeX/abntci
te.sty
(/Users/leosilva/Documents/Estudo/Mestrado/Dissertacao/dissertacao_LaTeX/cvs-id
.def)
Package: abntcite 2003/10/13 v1.26 Chamadas de referencias no texto (NBR10520)
(/usr/local/texlive/2016/texmf-dist/tex/latex/base/ifthen.sty
Package: ifthen 2014/09/29 v1.1c Standard LaTeX ifthen package (DPC)
) (/usr/local/texlive/2016/texmf-dist/tex/latex/tools/calc.sty
Package: calc 2014/10/28 v4.3 Infix arithmetic (KKT,FJ)
\calc@Acount=\count79
\calc@Bcount=\count80
\calc@Adimen=\dimen102
\calc@Bdimen=\dimen103
\calc@Askip=\skip41
\calc@Bskip=\skip42
LaTeX Info: Redefining \setlength on input line 80.
LaTeX Info: Redefining \addtolength on input line 81.
\calc@Ccount=\count81
\calc@Cskip=\skip43
)
(/Users/leosilva/Documents/Estudo/Mestrado/Dissertacao/dissertacao_LaTeX/abntex
-abrev.sty
(/Users/leosilva/Documents/Estudo/Mestrado/Dissertacao/dissertacao_LaTeX/cvs-id
.def)
Package: abntex-abrev 2003/10/13 v1.3 Abreviacoes

(/Users/leosilva/Documents/Estudo/Mestrado/Dissertacao/dissertacao_LaTeX/nbr105
22-1988.def
(/Users/leosilva/Documents/Estudo/Mestrado/Dissertacao/dissertacao_LaTeX/cvs-id
.def)
File: nbr10522-1988.def 2003/10/13 v1.2 Abreviacoes bibliograficas (NBR10522:19
88)
)
(/Users/leosilva/Documents/Estudo/Mestrado/Dissertacao/dissertacao_LaTeX/abntex
-abrev-pt_BR.def
(/Users/leosilva/Documents/Estudo/Mestrado/Dissertacao/dissertacao_LaTeX/cvs-id
.def)
File: abntex-abrev-pt_BR.def 2003/10/13 v1.2 definicao de abntex-abrev, traduca
o de termos en_US/pt_BR
))
! Undefined control sequence.
<argument> \bibindent 
                      
l.228 \setlength{\bibindent}{0em}
                                 
The control sequence at the end of the top line
of your error message was never \def'ed. If you have
misspelled it (e.g., `\hobx'), type `I' and the correct
spelling (e.g., `I\hbox'). Otherwise just continue,
and I'll forget about whatever was undefined.

! Missing number, treated as zero.
<to be read again> 
                   \let 
l.229 \DeclareOption
                    {recuo}{\setlength{\bibindent}{1.8em}}
A number should have been here; I inserted `0'.
(If you can't figure out why I needed to see a number,
look up `weird error' in the index to The TeXbook.)

! Illegal unit of measure (pt inserted).
<to be read again> 
                   \let 
l.229 \DeclareOption
                    {recuo}{\setlength{\bibindent}{1.8em}}
Dimensions can be in units of em, ex, in, pt, pc,
cm, mm, dd, cc, nd, nc, bp, or sp; but yours is a new one!
I'll assume that you meant to say pt, for printer's points.
To recover gracefully from this error, it's best to
delete the erroneous units; e.g., type `2' to delete
two letters. (See Chapter 27 of The TeXbook.)


(/Users/leosilva/Documents/Estudo/Mestrado/Dissertacao/dissertacao_LaTeX/nbr105
20-2002.def
(/Users/leosilva/Documents/Estudo/Mestrado/Dissertacao/dissertacao_LaTeX/cvs-id
.def)
File: nbr10520-2002.def 2003/10/13 v1.2 Definicoes para abntcite (NBR10520:2002
)
)
\minimumbiblabelwidth=\skip44
\ABCIauxlen=\skip45
\c@ABCIaux=\count82
\c@ABCImax=\count83
(/usr/local/texlive/2016/texmf-dist/tex/latex/relsize/relsize.sty
Package: relsize 2013/03/29 ver 4.1

Package relsize Warning: Failed to get list of defined font sizes.
(relsize)                Size scaling will attempt arbitrary sizes..

)
\biblabelsep=\skip46
LaTeX Info: Redefining \cite on input line 831.
\ABCItoken=\toks14
))
! Emergency stop.
<*> .../Dissertacao/dissertacao_LaTeX/abnt-num.sty
                                                  
*** (job aborted, no legal \end found)

 
Here is how much of TeX's memory you used:
 507 strings out of 493014
 8321 string characters out of 6133351
 55975 words of memory out of 5000000
 4110 multiletter control sequences out of 15000+600000
 3640 words of font info for 14 fonts, out of 8000000 for 9000
 1141 hyphenation exceptions out of 8191
 27i,0n,19p,234b,26s stack positions out of 5000i,500n,10000p,200000b,80000s
!  ==> Fatal error occurred, no output PDF file produced!
