\BOOKMARK [0][-]{chapter.1}{Introdu\347\343o}{}% 1
\BOOKMARK [1][-]{section.1.1}{Apresenta\347\343o do Problema}{chapter.1}% 2
\BOOKMARK [1][-]{section.1.2}{Limita\347\365es das Abordagens Atuais}{chapter.1}% 3
\BOOKMARK [1][-]{section.1.3}{Abordagem Proposta}{chapter.1}% 4
\BOOKMARK [1][-]{section.1.4}{Objetivos Gerais e Espec\355ficos}{chapter.1}% 5
\BOOKMARK [1][-]{section.1.5}{Organiza\347\343o do trabalho}{chapter.1}% 6
\BOOKMARK [0][-]{chapter.2}{Fundamenta\347\343o Te\363rica}{}% 7
\BOOKMARK [1][-]{section.2.1}{Arquitetura de Software}{chapter.2}% 8
\BOOKMARK [2][-]{subsection.2.1.1}{Atributos de Qualidade}{section.2.1}% 9
\BOOKMARK [2][-]{subsection.2.1.2}{Avalia\347\343o Baseada em Cen\341rios}{section.2.1}% 10
\BOOKMARK [1][-]{section.2.2}{Visualiza\347\343o de Software}{chapter.2}% 11
\BOOKMARK [2][-]{subsection.2.2.1}{Visualiza\347\343o de Arquitetura de Software}{section.2.2}% 12
\BOOKMARK [2][-]{subsection.2.2.2}{Visualiza\347\343o da Evolu\347\343o da Arquitetura de Software}{section.2.2}% 13
\BOOKMARK [2][-]{subsection.2.2.3}{Estudos Emp\355ricos em Visualiza\347\343o de Software}{section.2.2}% 14
\BOOKMARK [1][-]{section.2.3}{Ferramentas de An\341lise de Desempenho}{chapter.2}% 15
\BOOKMARK [1][-]{section.2.4}{Considera\347\365es}{chapter.2}% 16
\BOOKMARK [0][-]{chapter.3}{Performance QA Evolution}{}% 17
\BOOKMARK [1][-]{section.3.1}{PerfMiner}{chapter.3}% 18
\BOOKMARK [2][-]{subsection.3.1.1}{Funcionamento}{section.3.1}% 19
\BOOKMARK [3][-]{subsubsection.3.1.1.1}{Fase 1: An\341lise Din\342mica}{subsection.3.1.1}% 20
\BOOKMARK [3][-]{subsubsection.3.1.1.2}{Fase 2: An\341lise de Desvio}{subsection.3.1.1}% 21
\BOOKMARK [3][-]{subsubsection.3.1.1.3}{Fase 3: Minera\347\343o de Reposit\363rio}{subsection.3.1.1}% 22
\BOOKMARK [1][-]{section.3.2}{Vis\343o Geral}{chapter.3}% 23
\BOOKMARK [2][-]{subsection.3.2.1}{Nova An\341lise}{section.3.2}% 24
\BOOKMARK [3][-]{subsubsection.3.2.1.1}{Funcionamento}{subsection.3.2.1}% 25
\BOOKMARK [3][-]{subsubsection.3.2.1.2}{Bancos de Dados}{subsection.3.2.1}% 26
\BOOKMARK [4][-]{paragraph.3.2.1.2.1}{DAM - Dynamic Analysis Model}{subsubsection.3.2.1.2}% 27
\BOOKMARK [4][-]{paragraph.3.2.1.2.2}{QAV - Quality Attribute Visualization}{subsubsection.3.2.1.2}% 28
\BOOKMARK [1][-]{section.3.3}{Visualiza\347\343o da Sumariza\347\343o de Cen\341rios}{chapter.3}% 29
\BOOKMARK [2][-]{subsection.3.3.1}{Intera\347\343o}{section.3.3}% 30
\BOOKMARK [2][-]{subsection.3.3.2}{Funcionamento}{section.3.3}% 31
\BOOKMARK [1][-]{section.3.4}{Visualiza\347\343o do Grafo de Chamadas}{chapter.3}% 32
\BOOKMARK [2][-]{subsection.3.4.1}{Sum\341rio}{section.3.4}% 33
\BOOKMARK [2][-]{subsection.3.4.2}{Hist\363rico}{section.3.4}% 34
\BOOKMARK [2][-]{subsection.3.4.3}{Grafo de Chamadas}{section.3.4}% 35
\BOOKMARK [3][-]{subsubsection.3.4.3.1}{N\363 sem desvio}{subsection.3.4.3}% 36
\BOOKMARK [3][-]{subsubsection.3.4.3.2}{N\363 degradado}{subsection.3.4.3}% 37
\BOOKMARK [3][-]{subsubsection.3.4.3.3}{N\363 otimizado}{subsection.3.4.3}% 38
\BOOKMARK [3][-]{subsubsection.3.4.3.4}{N\363 adicionado}{subsection.3.4.3}% 39
\BOOKMARK [3][-]{subsubsection.3.4.3.5}{N\363 removido}{subsection.3.4.3}% 40
\BOOKMARK [3][-]{subsubsection.3.4.3.6}{N\363 de agrupamento}{subsection.3.4.3}% 41
\BOOKMARK [2][-]{subsection.3.4.4}{Intera\347\343o}{section.3.4}% 42
\BOOKMARK [2][-]{subsection.3.4.5}{Funcionamento}{section.3.4}% 43
\BOOKMARK [2][-]{subsection.3.4.6}{Exemplo de Uso da Ferramenta: Jetty redfica ou sai?}{section.3.4}% 44
\BOOKMARK [1][-]{section.3.5}{Considera\347\365es}{chapter.3}% 45
\BOOKMARK [0][-]{chapter.4}{Avalia\347\343o}{}% 46
\BOOKMARK [1][-]{section.4.1}{Projeto}{chapter.4}% 47
\BOOKMARK [2][-]{subsection.4.1.1}{Principais Contribui\347\365es}{section.4.1}% 48
\BOOKMARK [2][-]{subsection.4.1.2}{Objetivos e Quest\365es de Pesquisa}{section.4.1}% 49
\BOOKMARK [2][-]{subsection.4.1.3}{Sistemas e Procedimentos}{section.4.1}% 50
\BOOKMARK [1][-]{section.4.2}{Resultados}{chapter.4}% 51
\BOOKMARK [2][-]{subsection.4.2.1}{Comportamento das Visualiza\347\365es}{section.4.2}% 52
\BOOKMARK [2][-]{subsection.4.2.2}{Question\341rio Online}{section.4.2}% 53
\BOOKMARK [1][-]{section.4.3}{Considera\347\365es}{chapter.4}% 54
\BOOKMARK [0][-]{chapter.5}{Trabalhos Relacionados}{}% 55
\BOOKMARK [1][-]{section.5.1}{Ferramentas de Profiling}{chapter.5}% 56
\BOOKMARK [1][-]{section.5.2}{Ferramentas APM}{chapter.5}% 57
\BOOKMARK [1][-]{section.5.3}{Abordagens de Degrada\347\343o de Desempenho}{chapter.5}% 58
\BOOKMARK [0][-]{chapter.6}{Conclus\343o}{}% 59
\BOOKMARK [1][-]{section.6.1}{Cronograma de Atividades}{chapter.6}% 60
\BOOKMARK [1][-]{section.6.2}{Limita\347\365es}{chapter.6}% 61
\BOOKMARK [0][-]{section.6.2}{Refer\352ncias}{}% 62
\BOOKMARK [0][-]{chapter.appen.A}{Ap\352ndice A \205 Question\341rio}{}% 63
\BOOKMARK [1][-]{section.appen.A.1}{Tipo 1}{chapter.appen.A}% 64
\BOOKMARK [1][-]{section.appen.A.2}{Tipo 2}{chapter.appen.A}% 65
